<?xml version="1.0" encoding="UTF-8"?>
<coverage generated="1597021271947" clover="3.2.0">
  <project timestamp="1597021271947" name="All files">
    <metrics statements="20" coveredstatements="20" conditionals="8" coveredconditionals="8" methods="2" coveredmethods="2" elements="30" coveredelements="30" complexity="0" loc="20" ncloc="20" packages="1" files="1" classes="1"/>
    <file name="validator.js" path="D:\LABORATORIA\tarjeta de credito\LIM013-card-validation\src\validator.js">
      <metrics statements="20" coveredstatements="20" conditionals="8" coveredconditionals="8" methods="2" coveredmethods="2"/>
      <line num="1" count="1" type="stmt"/>
      <line num="5" count="3" type="stmt"/>
      <line num="7" count="3" type="stmt"/>
      <line num="9" count="3" type="stmt"/>
      <line num="11" count="3" type="stmt"/>
      <line num="13" count="34" type="stmt"/>
      <line num="15" count="34" type="cond" truecount="2" falsecount="0"/>
      <line num="17" count="16" type="stmt"/>
      <line num="19" count="16" type="cond" truecount="2" falsecount="0"/>
      <line num="21" count="8" type="stmt"/>
      <line num="25" count="34" type="stmt"/>
      <line num="27" count="3" type="cond" truecount="2" falsecount="0"/>
      <line num="28" count="2" type="stmt"/>
      <line num="30" count="1" type="stmt"/>
      <line num="36" count="3" type="stmt"/>
      <line num="38" count="3" type="stmt"/>
      <line num="41" count="27" type="cond" truecount="2" falsecount="0"/>
      <line num="43" count="9" type="stmt"/>
      <line num="46" count="18" type="stmt"/>
      <line num="50" count="3" type="stmt"/>
    </file>
  </project>
</coverage>
