{"D:\\LABORATORIA\\tarjeta de credito\\LIM013-card-validation\\src\\validator.js": {"path":"D:\\LABORATORIA\\tarjeta de credito\\LIM013-card-validation\\src\\validator.js","statementMap":{"0":{"start":{"line":1,"column":18},"end":{"line":52,"column":1}},"1":{"start":{"line":5,"column":27},"end":{"line":5,"column":47}},"2":{"start":{"line":7,"column":24},"end":{"line":7,"column":50}},"3":{"start":{"line":9,"column":11},"end":{"line":9,"column":12}},"4":{"start":{"line":11,"column":2},"end":{"line":26,"column":4}},"5":{"start":{"line":11,"column":12},"end":{"line":11,"column":13}},"6":{"start":{"line":13,"column":15},"end":{"line":13,"column":41}},"7":{"start":{"line":15,"column":6},"end":{"line":23,"column":7}},"8":{"start":{"line":17,"column":6},"end":{"line":17,"column":24}},"9":{"start":{"line":19,"column":8},"end":{"line":22,"column":10}},"10":{"start":{"line":21,"column":7},"end":{"line":21,"column":31}},"11":{"start":{"line":25,"column":11},"end":{"line":25,"column":25}},"12":{"start":{"line":27,"column":5},"end":{"line":31,"column":6}},"13":{"start":{"line":28,"column":7},"end":{"line":28,"column":19}},"14":{"start":{"line":30,"column":7},"end":{"line":30,"column":20}},"15":{"start":{"line":36,"column":18},"end":{"line":36,"column":20}},"16":{"start":{"line":38,"column":2},"end":{"line":48,"column":3}},"17":{"start":{"line":38,"column":13},"end":{"line":38,"column":14}},"18":{"start":{"line":41,"column":4},"end":{"line":47,"column":3}},"19":{"start":{"line":43,"column":4},"end":{"line":43,"column":31}},"20":{"start":{"line":46,"column":6},"end":{"line":46,"column":22}},"21":{"start":{"line":50,"column":0},"end":{"line":50,"column":17}}},"fnMap":{"0":{"name":"(anonymous_0)","decl":{"start":{"line":3,"column":11},"end":{"line":3,"column":12}},"loc":{"start":{"line":3,"column":32},"end":{"line":32,"column":3}},"line":3},"1":{"name":"(anonymous_1)","decl":{"start":{"line":34,"column":9},"end":{"line":34,"column":10}},"loc":{"start":{"line":34,"column":29},"end":{"line":51,"column":1}},"line":34}},"branchMap":{"0":{"loc":{"start":{"line":15,"column":6},"end":{"line":23,"column":7}},"type":"if","locations":[{"start":{"line":15,"column":6},"end":{"line":23,"column":7}},{"start":{"line":15,"column":6},"end":{"line":23,"column":7}}],"line":15},"1":{"loc":{"start":{"line":19,"column":8},"end":{"line":22,"column":10}},"type":"if","locations":[{"start":{"line":19,"column":8},"end":{"line":22,"column":10}},{"start":{"line":19,"column":8},"end":{"line":22,"column":10}}],"line":19},"2":{"loc":{"start":{"line":27,"column":5},"end":{"line":31,"column":6}},"type":"if","locations":[{"start":{"line":27,"column":5},"end":{"line":31,"column":6}},{"start":{"line":27,"column":5},"end":{"line":31,"column":6}}],"line":27},"3":{"loc":{"start":{"line":41,"column":4},"end":{"line":47,"column":3}},"type":"if","locations":[{"start":{"line":41,"column":4},"end":{"line":47,"column":3}},{"start":{"line":41,"column":4},"end":{"line":47,"column":3}}],"line":41}},"s":{"0":1,"1":3,"2":3,"3":3,"4":3,"5":3,"6":34,"7":34,"8":16,"9":16,"10":8,"11":34,"12":3,"13":2,"14":1,"15":3,"16":3,"17":3,"18":27,"19":9,"20":18,"21":3},"f":{"0":3,"1":3},"b":{"0":[16,18],"1":[8,8],"2":[2,1],"3":[9,18]},"_coverageSchema":"43e27e138ebf9cfc5966b082cf9a028302ed4184","hash":"2923d9bc08201860894f23365e67f6079125d271"}
}
